<?xml version="1.0" encoding="UTF-8"?>
<testng-results ignored="0" total="1" passed="1" failed="0" skipped="0">
  <reporter-output>
  </reporter-output>
  <suite started-at="2024-09-24T19:52:33 IST" name="Default suite" finished-at="2024-09-24T19:52:57 IST" duration-ms="23483">
    <groups>
    </groups>
    <test started-at="2024-09-24T19:52:33 IST" name="Default test" finished-at="2024-09-24T19:52:57 IST" duration-ms="23483">
      <class name="starAgile.WebDriver.Assignment.TakeScreenshot">
        <test-method signature="testScreenshot()[pri:0, instance:starAgile.WebDriver.Assignment.TakeScreenshot@229c6181]" started-at="2024-09-24T19:52:33 IST" name="testScreenshot" finished-at="2024-09-24T19:52:57 IST" duration-ms="23368" status="PASS">
          <reporter-output>
          </reporter-output>
        </test-method> <!-- testScreenshot -->
      </class> <!-- starAgile.WebDriver.Assignment.TakeScreenshot -->
    </test> <!-- Default test -->
  </suite> <!-- Default suite -->
</testng-results>
